<?xml version="1.0" encoding="UTF-8"?>
<!-- Generated by org.testng.reporters.JUnitReportReporter -->
<testsuite hostname="LAPTOP-2H9F0PQ3" failures="0" tests="1" name="test.Launch" time="0.021" errors="0" timestamp="2022-10-19T10:54:50 EDT" skipped="0">
  <testcase classname="test.Launch" name="beforeSuite" time="0.021"/>
  <system-out/>
</testsuite> <!-- test.Launch -->
